<?xml version="1.0" encoding="UTF-8"?>
<!-- Generated by org.testng.reporters.JUnitReportReporter -->
<testsuite hostname="DESKTOP-9ST93DG" failures="0" tests="1" name="StepDefinition.StepDefinition_3_1" time="0.041" errors="0" timestamp="2023-07-25T12:47:35 IST" skipped="0">
  <testcase classname="StepDefinition.StepDefinition_3_1" name="disp" time="0.041"/>
  <system-out/>
</testsuite> <!-- StepDefinition.StepDefinition_3_1 -->
