<?xml version="1.0" encoding="UTF-8"?>
<!-- Generated by org.testng.reporters.JUnitReportReporter -->
<testsuite hostname="DESKTOP-9ST93DG" failures="0" tests="1" name="StepDefinition.HelperClass" time="0.033" errors="0" timestamp="2023-07-25T13:34:23 IST" skipped="0">
  <testcase classname="StepDefinition.HelperClass" name="disp" time="0.033"/>
  <system-out/>
</testsuite> <!-- StepDefinition.HelperClass -->
